[30-Oct-2025 21:59:55 Europe/Berlin] PHP Fatal error:  Uncaught Error: Call to undefined method AdminsController::adminModel() in C:\xampp\htdocs\ecommerce\Views\pages\admin\administradores\modulos\editar.php:9
Stack trace:
#0 C:\xampp\htdocs\ecommerce\Views\pages\admin\administradores\administradores.php(30): include()
#1 C:\xampp\htdocs\ecommerce\Views\pages\admin\admin.php(20): include('C:\\xampp\\htdocs...')
#2 C:\xampp\htdocs\ecommerce\Views\template.php(103): include('C:\\xampp\\htdocs...')
#3 C:\xampp\htdocs\ecommerce\Controllers\TemplateController.php(6): include('C:\\xampp\\htdocs...')
#4 C:\xampp\htdocs\ecommerce\index.php(27): TemplateController->showTemplate()
#5 {main}
  thrown in C:\xampp\htdocs\ecommerce\Views\pages\admin\administradores\modulos\editar.php on line 9
[30-Oct-2025 21:59:58 Europe/Berlin] PHP Fatal error:  Uncaught Error: Call to undefined method AdminsController::adminModel() in C:\xampp\htdocs\ecommerce\Views\pages\admin\administradores\modulos\editar.php:9
Stack trace:
#0 C:\xampp\htdocs\ecommerce\Views\pages\admin\administradores\administradores.php(30): include()
#1 C:\xampp\htdocs\ecommerce\Views\pages\admin\admin.php(20): include('C:\\xampp\\htdocs...')
#2 C:\xampp\htdocs\ecommerce\Views\template.php(103): include('C:\\xampp\\htdocs...')
#3 C:\xampp\htdocs\ecommerce\Controllers\TemplateController.php(6): include('C:\\xampp\\htdocs...')
#4 C:\xampp\htdocs\ecommerce\index.php(27): TemplateController->showTemplate()
#5 {main}
  thrown in C:\xampp\htdocs\ecommerce\Views\pages\admin\administradores\modulos\editar.php on line 9
[30-Oct-2025 22:00:02 Europe/Berlin] PHP Fatal error:  Uncaught Error: Call to undefined method AdminsController::adminModel() in C:\xampp\htdocs\ecommerce\Views\pages\admin\administradores\modulos\editar.php:9
Stack trace:
#0 C:\xampp\htdocs\ecommerce\Views\pages\admin\administradores\administradores.php(30): include()
#1 C:\xampp\htdocs\ecommerce\Views\pages\admin\admin.php(20): include('C:\\xampp\\htdocs...')
#2 C:\xampp\htdocs\ecommerce\Views\template.php(103): include('C:\\xampp\\htdocs...')
#3 C:\xampp\htdocs\ecommerce\Controllers\TemplateController.php(6): include('C:\\xampp\\htdocs...')
#4 C:\xampp\htdocs\ecommerce\index.php(27): TemplateController->showTemplate()
#5 {main}
  thrown in C:\xampp\htdocs\ecommerce\Views\pages\admin\administradores\modulos\editar.php on line 9
[30-Oct-2025 22:10:56 Europe/Berlin] PHP Fatal error:  Uncaught Error: Call to undefined method AdminsController::obtenerPorId() in C:\xampp\htdocs\ecommerce\Views\pages\admin\administradores\modulos\editar.php:9
Stack trace:
#0 C:\xampp\htdocs\ecommerce\Views\pages\admin\administradores\administradores.php(30): include()
#1 C:\xampp\htdocs\ecommerce\Views\pages\admin\admin.php(20): include('C:\\xampp\\htdocs...')
#2 C:\xampp\htdocs\ecommerce\Views\template.php(103): include('C:\\xampp\\htdocs...')
#3 C:\xampp\htdocs\ecommerce\Controllers\TemplateController.php(6): include('C:\\xampp\\htdocs...')
#4 C:\xampp\htdocs\ecommerce\index.php(27): TemplateController->showTemplate()
#5 {main}
  thrown in C:\xampp\htdocs\ecommerce\Views\pages\admin\administradores\modulos\editar.php on line 9
[30-Oct-2025 22:36:32 Europe/Berlin] PHP Fatal error:  Uncaught Error: Call to undefined method AdminsController::obtenerPorId() in C:\xampp\htdocs\ecommerce\Views\pages\admin\administradores\modulos\editar.php:9
Stack trace:
#0 C:\xampp\htdocs\ecommerce\Views\pages\admin\administradores\administradores.php(30): include()
#1 C:\xampp\htdocs\ecommerce\Views\pages\admin\admin.php(20): include('C:\\xampp\\htdocs...')
#2 C:\xampp\htdocs\ecommerce\Views\template.php(103): include('C:\\xampp\\htdocs...')
#3 C:\xampp\htdocs\ecommerce\Controllers\TemplateController.php(6): include('C:\\xampp\\htdocs...')
#4 C:\xampp\htdocs\ecommerce\index.php(27): TemplateController->showTemplate()
#5 {main}
  thrown in C:\xampp\htdocs\ecommerce\Views\pages\admin\administradores\modulos\editar.php on line 9
